2016/11/24 11:43:38 INFO  - jmeter.util.JMeterUtils: Setting Locale to zh_CN 
2016/11/24 11:43:38 INFO  - jmeter.JMeter: Loading user properties from: E:\Eclipse\Workspace\jmeterAll\target\jmeter\bin\user.properties 
2016/11/24 11:43:38 INFO  - jmeter.JMeter: Loading system properties from: E:\Eclipse\Workspace\jmeterAll\target\jmeter\bin\system.properties 
2016/11/24 11:43:38 INFO  - jmeter.JMeter: Copyright (c) 1998-2013 The Apache Software Foundation 
2016/11/24 11:43:38 INFO  - jmeter.JMeter: Version 2.10 r1533061 
2016/11/24 11:43:38 INFO  - jmeter.JMeter: java.version=1.8.0_65 
2016/11/24 11:43:38 INFO  - jmeter.JMeter: java.vm.name=Java HotSpot(TM) 64-Bit Server VM 
2016/11/24 11:43:38 INFO  - jmeter.JMeter: os.name=Windows 10 
2016/11/24 11:43:38 INFO  - jmeter.JMeter: os.arch=amd64 
2016/11/24 11:43:38 INFO  - jmeter.JMeter: os.version=10.0 
2016/11/24 11:43:38 INFO  - jmeter.JMeter: file.encoding=GBK 
2016/11/24 11:43:38 INFO  - jmeter.JMeter: Default Locale=中文 (中国) 
2016/11/24 11:43:38 INFO  - jmeter.JMeter: JMeter  Locale=中文 (中国) 
2016/11/24 11:43:38 INFO  - jmeter.JMeter: JMeterHome=E:\Eclipse\Workspace\jmeterAll\target\jmeter 
2016/11/24 11:43:38 INFO  - jmeter.JMeter: user.dir  =E:\Eclipse\Workspace\jmeterAll\target\jmeter\bin 
2016/11/24 11:43:38 INFO  - jmeter.JMeter: PWD       =E:\Eclipse\Workspace\jmeterAll\target\jmeter\bin 
2016/11/24 11:43:38 INFO  - jmeter.JMeter: IP: 192.168.0.111 Name: DESKTOP-B26SNT0 FullName: DESKTOP-B26SNT0 
2016/11/24 11:43:38 INFO  - jmeter.services.FileServer: Default base='E:\Eclipse\Workspace\jmeterAll\target\jmeter\bin' 
2016/11/24 11:43:38 INFO  - jmeter.services.FileServer: Set new base='E:\Eclipse\Workspace\jmeterAll\src\test\jmeter' 
2016/11/24 11:43:38 INFO  - jmeter.JMeter: Loading file: E:\Eclipse\Workspace\jmeterAll\src\test\jmeter\assignAndSelfhandle.jmx 
2016/11/24 11:43:38 INFO  - jmeter.save.SaveService: Testplan (JMX) version: 2.2. Testlog (JTL) version: 2.2 
2016/11/24 11:43:38 INFO  - jmeter.save.SaveService: Using SaveService properties file encoding UTF-8 
2016/11/24 11:43:38 INFO  - jmeter.save.SaveService: Using SaveService properties version 2.5 
2016/11/24 11:43:38 INFO  - jmeter.save.SaveService: Using SaveService properties file version 1519088 
2016/11/24 11:43:38 INFO  - jmeter.save.SaveService: All converter versions present and correct 
2016/11/24 11:43:38 INFO  - jmeter.protocol.http.control.CookieManager: Settings: Delete null: true Check: true Allow variable: true Save: false Prefix: COOKIE_ 
2016/11/24 11:43:38 INFO  - jmeter.protocol.http.sampler.HTTPSamplerBase: Cannot find .className property for htmlParser, using default 
2016/11/24 11:43:38 INFO  - jmeter.protocol.http.sampler.HTTPSamplerBase: Parser for text/html is  
2016/11/24 11:43:38 INFO  - jmeter.protocol.http.sampler.HTTPSamplerBase: Parser for application/xhtml+xml is  
2016/11/24 11:43:38 INFO  - jmeter.protocol.http.sampler.HTTPSamplerBase: Parser for application/xml is  
2016/11/24 11:43:38 INFO  - jmeter.protocol.http.sampler.HTTPSamplerBase: Parser for text/xml is  
2016/11/24 11:43:38 INFO  - jmeter.protocol.http.sampler.HTTPSamplerBase: Parser for text/vnd.wap.wml is org.apache.jmeter.protocol.http.parser.RegexpHTMLParser 
2016/11/24 11:43:38 INFO  - jmeter.engine.StandardJMeterEngine: Listeners will be started after enabling running version 
2016/11/24 11:43:38 INFO  - jmeter.engine.StandardJMeterEngine: To revert to the earlier behaviour, define jmeterengine.startlistenerslater=false 
2016/11/24 11:43:38 INFO  - jmeter.engine.StandardJMeterEngine: Running the test! 
2016/11/24 11:43:39 INFO  - jmeter.samplers.SampleEvent: List of sample_variables: [] 
2016/11/24 11:43:39 INFO  - jmeter.samplers.SampleEvent: List of sample_variables: [] 
2016/11/24 11:43:39 INFO  - jmeter.engine.util.CompoundVariable: Note: Function class names must contain the string: '.functions.' 
2016/11/24 11:43:39 INFO  - jmeter.engine.util.CompoundVariable: Note: Function class names must not contain the string: '.gui.' 
2016/11/24 11:43:39 INFO  - jmeter.JMeter: 正在运行的测试 (1479959019090) 
2016/11/24 11:43:39 INFO  - jmeter.engine.StandardJMeterEngine: Starting ThreadGroup: 1 : Thread Group 
2016/11/24 11:43:39 INFO  - jmeter.engine.StandardJMeterEngine: Starting 1 threads for group Thread Group. 
2016/11/24 11:43:39 INFO  - jmeter.engine.StandardJMeterEngine: Thread will continue on error 
2016/11/24 11:43:39 INFO  - jmeter.threads.ThreadGroup: Starting thread group number 1 threads 1 ramp-up 1 perThread 1000.0 delayedStart=false 
2016/11/24 11:43:39 INFO  - jmeter.threads.JMeterThread: jmeterthread.startearlier=true (see jmeter.properties) 
2016/11/24 11:43:39 INFO  - jmeter.threads.JMeterThread: Running PostProcessors in forward order 
2016/11/24 11:43:39 INFO  - jmeter.threads.ThreadGroup: Started thread group number 1 
2016/11/24 11:43:39 INFO  - jmeter.engine.StandardJMeterEngine: All thread groups have been started 
2016/11/24 11:43:39 INFO  - jmeter.threads.JMeterThread: Thread started: Thread Group 1-1 
2016/11/24 11:43:39 INFO  - jmeter.protocol.http.sampler.HTTPJavaImpl: Maximum connection retries = 10 
2016/11/24 11:43:39 INFO  - jmeter.samplers.SampleResult: Note: Sample TimeStamps are START times 
2016/11/24 11:43:39 INFO  - jmeter.samplers.SampleResult: sampleresult.default.encoding is set to ISO-8859-1 
2016/11/24 11:43:39 INFO  - jmeter.samplers.SampleResult: sampleresult.useNanoTime=true 
2016/11/24 11:43:39 INFO  - jmeter.samplers.SampleResult: sampleresult.nanoThreadSleep=5000 
2016/11/24 11:43:49 INFO  - jmeter.threads.JMeterThread: Thread finished: Thread Group 1-1 
2016/11/24 11:43:49 INFO  - jmeter.engine.StandardJMeterEngine: Notifying test listeners of end of test 
